2019-11-12 14:45:17,525 ERROR uiModules.MagnitudeSpinBoxDelegate(ExceptionLogButton.py:129 myexcepthook) 'OFF'
Traceback (most recent call last):
  File "C:\Users\ions\Desktop\IonControl\uiModules\MagnitudeSpinBoxDelegate.py", line 43, in setModelData
    model.setData(index, text if not isValueExpression(text) else None, QtCore.Qt.UserRole )  # is parsable thus must be a magnitude without math
  File "C:\Users\ions\Desktop\IonControl\uiModules\CategoryTree.py", line 158, in setData
    return self.setDataLookup.get( (role, col), lambda index, value: False)(index, value)
  File "C:\Users\ions\Desktop\IonControl\externalParameter\ExternalParameterUi.py", line 48, in <lambda>
    (QtCore.Qt.UserRole, 1): lambda index, value: self.setStrValue(index, value),
  File "C:\Users\ions\Desktop\IonControl\externalParameter\ExternalParameterUi.py", line 107, in setStrValue
    node.content.string = strValue
  File "C:\Users\ions\Desktop\IonControl\externalParameter\OutputChannel.py", line 155, in string
    self.expressionValue.string = s
  File "C:\Users\ions\Desktop\IonControl\gui\ExpressionValue.py", line 110, in string
    val, dependencies = self.expression.evaluateAsMagnitude(self._string, self._globalDict, listDependencies=True)
  File "C:\Users\ions\Desktop\IonControl\modules\Expression.py", line 337, in evaluateAsMagnitude
    return self.exprParser.evaluateAsMagnitude(s, variabledict, listDependencies, useFloat, functiondict)
  File "C:\Users\ions\Desktop\IonControl\modules\Expression.py", line 317, in evaluateAsMagnitude
    self.parser.parse(s, lexer=self.lexer)
  File "C:\ProgramData\Miniconda3\envs\IonControl\lib\site-packages\ply\yacc.py", line 333, in parse
    return self.parseopt_notrack(input, lexer, debug, tracking, tokenfunc)
  File "C:\ProgramData\Miniconda3\envs\IonControl\lib\site-packages\ply\yacc.py", line 1120, in parseopt_notrack
    p.callable(pslice)
  File "C:\Users\ions\Desktop\IonControl\modules\Expression.py", line 236, in p_expression_name
    t[0] = self.variableCM[t[1]]
  File "C:\ProgramData\Miniconda3\envs\IonControl\lib\collections\__init__.py", line 883, in __getitem__
    return self.__missing__(key)            # support subclasses that define __missing__
  File "C:\ProgramData\Miniconda3\envs\IonControl\lib\collections\__init__.py", line 875, in __missing__
    raise KeyError(key)
KeyError: 'OFF'
2019-11-12 15:26:15,632 ERROR uiModules.MagnitudeSpinBoxDelegate(ExceptionLogButton.py:129 myexcepthook) 'OFF'
Traceback (most recent call last):
  File "C:\Users\ions\Desktop\IonControl\uiModules\MagnitudeSpinBoxDelegate.py", line 43, in setModelData
    model.setData(index, text if not isValueExpression(text) else None, QtCore.Qt.UserRole )  # is parsable thus must be a magnitude without math
  File "C:\Users\ions\Desktop\IonControl\uiModules\CategoryTree.py", line 158, in setData
    return self.setDataLookup.get( (role, col), lambda index, value: False)(index, value)
  File "C:\Users\ions\Desktop\IonControl\externalParameter\ExternalParameterUi.py", line 48, in <lambda>
    (QtCore.Qt.UserRole, 1): lambda index, value: self.setStrValue(index, value),
  File "C:\Users\ions\Desktop\IonControl\externalParameter\ExternalParameterUi.py", line 107, in setStrValue
    node.content.string = strValue
  File "C:\Users\ions\Desktop\IonControl\externalParameter\OutputChannel.py", line 155, in string
    self.expressionValue.string = s
  File "C:\Users\ions\Desktop\IonControl\gui\ExpressionValue.py", line 110, in string
    val, dependencies = self.expression.evaluateAsMagnitude(self._string, self._globalDict, listDependencies=True)
  File "C:\Users\ions\Desktop\IonControl\modules\Expression.py", line 337, in evaluateAsMagnitude
    return self.exprParser.evaluateAsMagnitude(s, variabledict, listDependencies, useFloat, functiondict)
  File "C:\Users\ions\Desktop\IonControl\modules\Expression.py", line 317, in evaluateAsMagnitude
    self.parser.parse(s, lexer=self.lexer)
  File "C:\ProgramData\Miniconda3\envs\IonControl\lib\site-packages\ply\yacc.py", line 333, in parse
    return self.parseopt_notrack(input, lexer, debug, tracking, tokenfunc)
  File "C:\ProgramData\Miniconda3\envs\IonControl\lib\site-packages\ply\yacc.py", line 1120, in parseopt_notrack
    p.callable(pslice)
  File "C:\Users\ions\Desktop\IonControl\modules\Expression.py", line 236, in p_expression_name
    t[0] = self.variableCM[t[1]]
  File "C:\ProgramData\Miniconda3\envs\IonControl\lib\collections\__init__.py", line 883, in __getitem__
    return self.__missing__(key)            # support subclasses that define __missing__
  File "C:\ProgramData\Miniconda3\envs\IonControl\lib\collections\__init__.py", line 875, in __missing__
    raise KeyError(key)
KeyError: 'OFF'
