2019-11-12 15:56:07,715 ERROR externalParameter.ExternalParameterUi(ExternalParameterUi.py:119 setValueFollowup) unsupported operand type(s) for -: 'str' and 'str'
Traceback (most recent call last):
  File "C:\Users\ions\Desktop\IonControl\externalParameter\ExternalParameterUi.py", line 115, in setValueFollowup
    if not inst.setValue(value):
  File "C:\Users\ions\Desktop\IonControl\externalParameter\OutputChannel.py", line 228, in setValue
    newvalue, arrived = nextValue(self.settings.value, targetValue, self.settings.stepsize, self.settings.jump)
  File "C:\Users\ions\Desktop\IonControl\externalParameter\OutputChannel.py", line 23, in nextValue
    temp = target-current
TypeError: unsupported operand type(s) for -: 'str' and 'str'
2019-11-12 15:56:28,708 ERROR externalParameter.ExternalParameterUi(ExternalParameterUi.py:119 setValueFollowup) 'str' object has no attribute 'm_as'
Traceback (most recent call last):
  File "C:\Users\ions\Desktop\IonControl\externalParameter\ExternalParameterUi.py", line 115, in setValueFollowup
    if not inst.setValue(value):
  File "C:\Users\ions\Desktop\IonControl\externalParameter\OutputChannel.py", line 229, in setValue
    reportvalue, arrived = self.encpasulate_value(self.device.setValue(self.channelName, newvalue), second=arrived)
  File "C:\Users\ions\Desktop\IonControl\externalParameter\StandardExternalParameter.py", line 141, in setValue
    command = "{0} {1}".format(function, v.m_as(unit))#, index)
AttributeError: 'str' object has no attribute 'm_as'
2019-11-12 15:57:27,168 ERROR externalParameter.InstrumentLoggingDisplay(ExceptionLogButton.py:129 myexcepthook) disconnect() failed between 'newData' and 'unislot'
Traceback (most recent call last):
  File "C:\Users\ions\Desktop\IonControl\externalParameter\InstrumentLoggingDisplay.py", line 122, in setupParameters
    self.tableModel.setInputChannels( inputChannels )
  File "C:\Users\ions\Desktop\IonControl\externalParameter\InstrumentLoggingDisplay.py", line 60, in setInputChannels
    channel.newData.disconnect(self.updateHandler)
TypeError: disconnect() failed between 'newData' and 'unislot'
