2019-11-12 11:14:54,758 ERROR externalParameter.ExternalParameterUi(ExternalParameterUi.py:119 setValueFollowup) unsupported operand type(s) for -: 'int' and 'str'
Traceback (most recent call last):
  File "C:\Users\ions\Desktop\IonControl\externalParameter\ExternalParameterUi.py", line 115, in setValueFollowup
    if not inst.setValue(value):
  File "C:\Users\ions\Desktop\IonControl\externalParameter\OutputChannel.py", line 228, in setValue
    newvalue, arrived = nextValue(self.settings.value, targetValue, self.settings.stepsize, self.settings.jump)
  File "C:\Users\ions\Desktop\IonControl\externalParameter\OutputChannel.py", line 23, in nextValue
    temp = target-current
  File "c:\users\rich\desktop\new folder\ioncontrol\src\pint\pint\quantity.py", line 735, in __sub__
    return self._add_sub(other, operator.sub)
  File "c:\users\rich\desktop\new folder\ioncontrol\src\pint\pint\quantity.py", line 633, in _add_sub
    _to_magnitude(other, self.force_ndarray))
TypeError: unsupported operand type(s) for -: 'int' and 'str'
2019-11-12 11:15:42,612 ERROR externalParameter.ExternalParameterUi(ExternalParameterUi.py:119 setValueFollowup) unsupported operand type(s) for -: 'int' and 'str'
Traceback (most recent call last):
  File "C:\Users\ions\Desktop\IonControl\externalParameter\ExternalParameterUi.py", line 115, in setValueFollowup
    if not inst.setValue(value):
  File "C:\Users\ions\Desktop\IonControl\externalParameter\OutputChannel.py", line 228, in setValue
    newvalue, arrived = nextValue(self.settings.value, targetValue, self.settings.stepsize, self.settings.jump)
  File "C:\Users\ions\Desktop\IonControl\externalParameter\OutputChannel.py", line 23, in nextValue
    temp = target-current
  File "c:\users\rich\desktop\new folder\ioncontrol\src\pint\pint\quantity.py", line 735, in __sub__
    return self._add_sub(other, operator.sub)
  File "c:\users\rich\desktop\new folder\ioncontrol\src\pint\pint\quantity.py", line 633, in _add_sub
    _to_magnitude(other, self.force_ndarray))
TypeError: unsupported operand type(s) for -: 'int' and 'str'
2019-11-12 11:15:44,840 ERROR externalParameter.ExternalParameterUi(ExternalParameterUi.py:119 setValueFollowup) unsupported operand type(s) for -: 'int' and 'str'
Traceback (most recent call last):
  File "C:\Users\ions\Desktop\IonControl\externalParameter\ExternalParameterUi.py", line 115, in setValueFollowup
    if not inst.setValue(value):
  File "C:\Users\ions\Desktop\IonControl\externalParameter\OutputChannel.py", line 228, in setValue
    newvalue, arrived = nextValue(self.settings.value, targetValue, self.settings.stepsize, self.settings.jump)
  File "C:\Users\ions\Desktop\IonControl\externalParameter\OutputChannel.py", line 23, in nextValue
    temp = target-current
  File "c:\users\rich\desktop\new folder\ioncontrol\src\pint\pint\quantity.py", line 735, in __sub__
    return self._add_sub(other, operator.sub)
  File "c:\users\rich\desktop\new folder\ioncontrol\src\pint\pint\quantity.py", line 633, in _add_sub
    _to_magnitude(other, self.force_ndarray))
TypeError: unsupported operand type(s) for -: 'int' and 'str'
2019-11-12 11:15:48,000 ERROR externalParameter.ExternalParameterUi(ExternalParameterUi.py:119 setValueFollowup) unsupported operand type(s) for -: 'int' and 'str'
Traceback (most recent call last):
  File "C:\Users\ions\Desktop\IonControl\externalParameter\ExternalParameterUi.py", line 115, in setValueFollowup
    if not inst.setValue(value):
  File "C:\Users\ions\Desktop\IonControl\externalParameter\OutputChannel.py", line 228, in setValue
    newvalue, arrived = nextValue(self.settings.value, targetValue, self.settings.stepsize, self.settings.jump)
  File "C:\Users\ions\Desktop\IonControl\externalParameter\OutputChannel.py", line 23, in nextValue
    temp = target-current
  File "c:\users\rich\desktop\new folder\ioncontrol\src\pint\pint\quantity.py", line 735, in __sub__
    return self._add_sub(other, operator.sub)
  File "c:\users\rich\desktop\new folder\ioncontrol\src\pint\pint\quantity.py", line 633, in _add_sub
    _to_magnitude(other, self.force_ndarray))
TypeError: unsupported operand type(s) for -: 'int' and 'str'
2019-11-12 11:15:52,208 ERROR uiModules.MagnitudeSpinBox(MagnitudeSpinBox.py:107 value) value
Traceback (most recent call last):
  File "C:\Users\ions\Desktop\IonControl\uiModules\MagnitudeSpinBox.py", line 100, in value
    value = self.expression.evaluateAsMagnitude(text, self.globalDict)
  File "C:\Users\ions\Desktop\IonControl\modules\Expression.py", line 337, in evaluateAsMagnitude
    return self.exprParser.evaluateAsMagnitude(s, variabledict, listDependencies, useFloat, functiondict)
  File "C:\Users\ions\Desktop\IonControl\modules\Expression.py", line 317, in evaluateAsMagnitude
    self.parser.parse(s, lexer=self.lexer)
  File "C:\ProgramData\Miniconda3\envs\IonControl\lib\site-packages\ply\yacc.py", line 333, in parse
    return self.parseopt_notrack(input, lexer, debug, tracking, tokenfunc)
  File "C:\ProgramData\Miniconda3\envs\IonControl\lib\site-packages\ply\yacc.py", line 1120, in parseopt_notrack
    p.callable(pslice)
  File "C:\Users\ions\Desktop\IonControl\modules\Expression.py", line 236, in p_expression_name
    t[0] = self.variableCM[t[1]]
  File "C:\ProgramData\Miniconda3\envs\IonControl\lib\collections\__init__.py", line 883, in __getitem__
    return self.__missing__(key)            # support subclasses that define __missing__
  File "C:\ProgramData\Miniconda3\envs\IonControl\lib\collections\__init__.py", line 875, in __missing__
    raise KeyError(key)
KeyError: 'OFF'
2019-11-12 11:15:52,724 ERROR uiModules.MagnitudeSpinBoxDelegate(ExceptionLogButton.py:129 myexcepthook) 'OFF'
Traceback (most recent call last):
  File "C:\Users\ions\Desktop\IonControl\uiModules\MagnitudeSpinBoxDelegate.py", line 41, in setModelData
    value = editor.value()
  File "C:\Users\ions\Desktop\IonControl\uiModules\MagnitudeSpinBox.py", line 108, in value
    raise e
  File "C:\Users\ions\Desktop\IonControl\uiModules\MagnitudeSpinBox.py", line 100, in value
    value = self.expression.evaluateAsMagnitude(text, self.globalDict)
  File "C:\Users\ions\Desktop\IonControl\modules\Expression.py", line 337, in evaluateAsMagnitude
    return self.exprParser.evaluateAsMagnitude(s, variabledict, listDependencies, useFloat, functiondict)
  File "C:\Users\ions\Desktop\IonControl\modules\Expression.py", line 317, in evaluateAsMagnitude
    self.parser.parse(s, lexer=self.lexer)
  File "C:\ProgramData\Miniconda3\envs\IonControl\lib\site-packages\ply\yacc.py", line 333, in parse
    return self.parseopt_notrack(input, lexer, debug, tracking, tokenfunc)
  File "C:\ProgramData\Miniconda3\envs\IonControl\lib\site-packages\ply\yacc.py", line 1120, in parseopt_notrack
    p.callable(pslice)
  File "C:\Users\ions\Desktop\IonControl\modules\Expression.py", line 236, in p_expression_name
    t[0] = self.variableCM[t[1]]
  File "C:\ProgramData\Miniconda3\envs\IonControl\lib\collections\__init__.py", line 883, in __getitem__
    return self.__missing__(key)            # support subclasses that define __missing__
  File "C:\ProgramData\Miniconda3\envs\IonControl\lib\collections\__init__.py", line 875, in __missing__
    raise KeyError(key)
KeyError: 'OFF'
2019-11-12 11:16:16,386 ERROR uiModules.MagnitudeSpinBox(MagnitudeSpinBox.py:107 value) value
Traceback (most recent call last):
  File "C:\Users\ions\Desktop\IonControl\uiModules\MagnitudeSpinBox.py", line 100, in value
    value = self.expression.evaluateAsMagnitude(text, self.globalDict)
  File "C:\Users\ions\Desktop\IonControl\modules\Expression.py", line 337, in evaluateAsMagnitude
    return self.exprParser.evaluateAsMagnitude(s, variabledict, listDependencies, useFloat, functiondict)
  File "C:\Users\ions\Desktop\IonControl\modules\Expression.py", line 317, in evaluateAsMagnitude
    self.parser.parse(s, lexer=self.lexer)
  File "C:\ProgramData\Miniconda3\envs\IonControl\lib\site-packages\ply\yacc.py", line 333, in parse
    return self.parseopt_notrack(input, lexer, debug, tracking, tokenfunc)
  File "C:\ProgramData\Miniconda3\envs\IonControl\lib\site-packages\ply\yacc.py", line 1120, in parseopt_notrack
    p.callable(pslice)
  File "C:\Users\ions\Desktop\IonControl\modules\Expression.py", line 236, in p_expression_name
    t[0] = self.variableCM[t[1]]
  File "C:\ProgramData\Miniconda3\envs\IonControl\lib\collections\__init__.py", line 883, in __getitem__
    return self.__missing__(key)            # support subclasses that define __missing__
  File "C:\ProgramData\Miniconda3\envs\IonControl\lib\collections\__init__.py", line 875, in __missing__
    raise KeyError(key)
KeyError: 'ON'
2019-11-12 11:16:16,394 ERROR uiModules.MagnitudeSpinBoxDelegate(ExceptionLogButton.py:129 myexcepthook) 'ON'
Traceback (most recent call last):
  File "C:\Users\ions\Desktop\IonControl\uiModules\MagnitudeSpinBoxDelegate.py", line 41, in setModelData
    value = editor.value()
  File "C:\Users\ions\Desktop\IonControl\uiModules\MagnitudeSpinBox.py", line 108, in value
    raise e
  File "C:\Users\ions\Desktop\IonControl\uiModules\MagnitudeSpinBox.py", line 100, in value
    value = self.expression.evaluateAsMagnitude(text, self.globalDict)
  File "C:\Users\ions\Desktop\IonControl\modules\Expression.py", line 337, in evaluateAsMagnitude
    return self.exprParser.evaluateAsMagnitude(s, variabledict, listDependencies, useFloat, functiondict)
  File "C:\Users\ions\Desktop\IonControl\modules\Expression.py", line 317, in evaluateAsMagnitude
    self.parser.parse(s, lexer=self.lexer)
  File "C:\ProgramData\Miniconda3\envs\IonControl\lib\site-packages\ply\yacc.py", line 333, in parse
    return self.parseopt_notrack(input, lexer, debug, tracking, tokenfunc)
  File "C:\ProgramData\Miniconda3\envs\IonControl\lib\site-packages\ply\yacc.py", line 1120, in parseopt_notrack
    p.callable(pslice)
  File "C:\Users\ions\Desktop\IonControl\modules\Expression.py", line 236, in p_expression_name
    t[0] = self.variableCM[t[1]]
  File "C:\ProgramData\Miniconda3\envs\IonControl\lib\collections\__init__.py", line 883, in __getitem__
    return self.__missing__(key)            # support subclasses that define __missing__
  File "C:\ProgramData\Miniconda3\envs\IonControl\lib\collections\__init__.py", line 875, in __missing__
    raise KeyError(key)
KeyError: 'ON'
2019-11-12 11:32:56,931 ERROR uiModules.MagnitudeSpinBox(MagnitudeSpinBox.py:107 value) value
Traceback (most recent call last):
  File "C:\Users\ions\Desktop\IonControl\uiModules\MagnitudeSpinBox.py", line 100, in value
    value = self.expression.evaluateAsMagnitude(text, self.globalDict)
  File "C:\Users\ions\Desktop\IonControl\modules\Expression.py", line 337, in evaluateAsMagnitude
    return self.exprParser.evaluateAsMagnitude(s, variabledict, listDependencies, useFloat, functiondict)
  File "C:\Users\ions\Desktop\IonControl\modules\Expression.py", line 324, in evaluateAsMagnitude
    self.val = Q(self.val)
  File "c:\users\rich\desktop\new folder\ioncontrol\src\pint\pint\quantity.py", line 92, in __new__
    inst = cls._REGISTRY.parse_expression(value)
  File "c:\users\rich\desktop\new folder\ioncontrol\src\pint\pint\registry.py", line 865, in parse_expression
    return build_eval_tree(gen).evaluate(lambda x: self._eval_token(x,
  File "c:\users\rich\desktop\new folder\ioncontrol\src\pint\pint\pint_eval.py", line 92, in evaluate
    return define_op(self.left)
  File "c:\users\rich\desktop\new folder\ioncontrol\src\pint\pint\registry.py", line 867, in <lambda>
    **values))
  File "c:\users\rich\desktop\new folder\ioncontrol\src\pint\pint\registry.py", line 846, in _eval_token
    case_sensitive=case_sensitive) : 1}))
  File "c:\users\rich\desktop\new folder\ioncontrol\src\pint\pint\registry.py", line 478, in get_name
    raise UndefinedUnitError(name_or_alias)
pint.errors.UndefinedUnitError: 'OFF' is not defined in the unit registry
2019-11-12 11:32:57,019 ERROR uiModules.MagnitudeSpinBoxDelegate(ExceptionLogButton.py:129 myexcepthook) 'OFF' is not defined in the unit registry
Traceback (most recent call last):
  File "C:\Users\ions\Desktop\IonControl\uiModules\MagnitudeSpinBoxDelegate.py", line 41, in setModelData
    value = editor.value()
  File "C:\Users\ions\Desktop\IonControl\uiModules\MagnitudeSpinBox.py", line 108, in value
    raise e
  File "C:\Users\ions\Desktop\IonControl\uiModules\MagnitudeSpinBox.py", line 100, in value
    value = self.expression.evaluateAsMagnitude(text, self.globalDict)
  File "C:\Users\ions\Desktop\IonControl\modules\Expression.py", line 337, in evaluateAsMagnitude
    return self.exprParser.evaluateAsMagnitude(s, variabledict, listDependencies, useFloat, functiondict)
  File "C:\Users\ions\Desktop\IonControl\modules\Expression.py", line 324, in evaluateAsMagnitude
    self.val = Q(self.val)
  File "c:\users\rich\desktop\new folder\ioncontrol\src\pint\pint\quantity.py", line 92, in __new__
    inst = cls._REGISTRY.parse_expression(value)
  File "c:\users\rich\desktop\new folder\ioncontrol\src\pint\pint\registry.py", line 865, in parse_expression
    return build_eval_tree(gen).evaluate(lambda x: self._eval_token(x,
  File "c:\users\rich\desktop\new folder\ioncontrol\src\pint\pint\pint_eval.py", line 92, in evaluate
    return define_op(self.left)
  File "c:\users\rich\desktop\new folder\ioncontrol\src\pint\pint\registry.py", line 867, in <lambda>
    **values))
  File "c:\users\rich\desktop\new folder\ioncontrol\src\pint\pint\registry.py", line 846, in _eval_token
    case_sensitive=case_sensitive) : 1}))
  File "c:\users\rich\desktop\new folder\ioncontrol\src\pint\pint\registry.py", line 478, in get_name
    raise UndefinedUnitError(name_or_alias)
pint.errors.UndefinedUnitError: 'OFF' is not defined in the unit registry
2019-11-12 11:33:04,461 ERROR uiModules.MagnitudeSpinBox(MagnitudeSpinBox.py:107 value) value
Traceback (most recent call last):
  File "C:\Users\ions\Desktop\IonControl\uiModules\MagnitudeSpinBox.py", line 100, in value
    value = self.expression.evaluateAsMagnitude(text, self.globalDict)
  File "C:\Users\ions\Desktop\IonControl\modules\Expression.py", line 337, in evaluateAsMagnitude
    return self.exprParser.evaluateAsMagnitude(s, variabledict, listDependencies, useFloat, functiondict)
  File "C:\Users\ions\Desktop\IonControl\modules\Expression.py", line 317, in evaluateAsMagnitude
    self.parser.parse(s, lexer=self.lexer)
  File "C:\ProgramData\Miniconda3\envs\IonControl\lib\site-packages\ply\yacc.py", line 333, in parse
    return self.parseopt_notrack(input, lexer, debug, tracking, tokenfunc)
  File "C:\ProgramData\Miniconda3\envs\IonControl\lib\site-packages\ply\yacc.py", line 1120, in parseopt_notrack
    p.callable(pslice)
  File "C:\Users\ions\Desktop\IonControl\modules\Expression.py", line 236, in p_expression_name
    t[0] = self.variableCM[t[1]]
  File "C:\ProgramData\Miniconda3\envs\IonControl\lib\collections\__init__.py", line 883, in __getitem__
    return self.__missing__(key)            # support subclasses that define __missing__
  File "C:\ProgramData\Miniconda3\envs\IonControl\lib\collections\__init__.py", line 875, in __missing__
    raise KeyError(key)
KeyError: 'OFF'
2019-11-12 11:33:04,466 ERROR uiModules.MagnitudeSpinBoxDelegate(ExceptionLogButton.py:129 myexcepthook) 'OFF'
Traceback (most recent call last):
  File "C:\Users\ions\Desktop\IonControl\uiModules\MagnitudeSpinBoxDelegate.py", line 41, in setModelData
    value = editor.value()
  File "C:\Users\ions\Desktop\IonControl\uiModules\MagnitudeSpinBox.py", line 108, in value
    raise e
  File "C:\Users\ions\Desktop\IonControl\uiModules\MagnitudeSpinBox.py", line 100, in value
    value = self.expression.evaluateAsMagnitude(text, self.globalDict)
  File "C:\Users\ions\Desktop\IonControl\modules\Expression.py", line 337, in evaluateAsMagnitude
    return self.exprParser.evaluateAsMagnitude(s, variabledict, listDependencies, useFloat, functiondict)
  File "C:\Users\ions\Desktop\IonControl\modules\Expression.py", line 317, in evaluateAsMagnitude
    self.parser.parse(s, lexer=self.lexer)
  File "C:\ProgramData\Miniconda3\envs\IonControl\lib\site-packages\ply\yacc.py", line 333, in parse
    return self.parseopt_notrack(input, lexer, debug, tracking, tokenfunc)
  File "C:\ProgramData\Miniconda3\envs\IonControl\lib\site-packages\ply\yacc.py", line 1120, in parseopt_notrack
    p.callable(pslice)
  File "C:\Users\ions\Desktop\IonControl\modules\Expression.py", line 236, in p_expression_name
    t[0] = self.variableCM[t[1]]
  File "C:\ProgramData\Miniconda3\envs\IonControl\lib\collections\__init__.py", line 883, in __getitem__
    return self.__missing__(key)            # support subclasses that define __missing__
  File "C:\ProgramData\Miniconda3\envs\IonControl\lib\collections\__init__.py", line 875, in __missing__
    raise KeyError(key)
KeyError: 'OFF'
2019-11-12 11:42:05,992 ERROR externalParameter.InstrumentLoggingDisplay(ExceptionLogButton.py:129 myexcepthook) disconnect() failed between 'newData' and 'unislot'
Traceback (most recent call last):
  File "C:\Users\ions\Desktop\IonControl\externalParameter\InstrumentLoggingDisplay.py", line 122, in setupParameters
    self.tableModel.setInputChannels( inputChannels )
  File "C:\Users\ions\Desktop\IonControl\externalParameter\InstrumentLoggingDisplay.py", line 60, in setInputChannels
    channel.newData.disconnect(self.updateHandler)
TypeError: disconnect() failed between 'newData' and 'unislot'
